25-04-08.10:17:44.612 [main            ] INFO  Application            - Starting Application using Java 1.8.0_281 on pc with PID 43228 (E:\code\Java\s-pay-mall\s-pay-mall-ddd-market-zhb\s-pay-mall-ddd-zhb-app\target\classes started by pc in E:\code\Java\s-pay-mall\s-pay-mall-ddd-market-zhb)
25-04-08.10:17:44.615 [main            ] INFO  Application            - The following 1 profile is active: "dev"
25-04-08.10:17:45.770 [main            ] INFO  TomcatWebServer        - Tomcat initialized with port(s): 8080 (http)
25-04-08.10:17:45.776 [main            ] INFO  Http11NioProtocol      - Initializing ProtocolHandler ["http-nio-8080"]
25-04-08.10:17:45.776 [main            ] INFO  StandardService        - Starting service [Tomcat]
25-04-08.10:17:45.776 [main            ] INFO  StandardEngine         - Starting Servlet engine: [Apache Tomcat/9.0.75]
25-04-08.10:17:45.886 [main            ] INFO  [/]                    - Initializing Spring embedded WebApplicationContext
25-04-08.10:17:45.886 [main            ] INFO  ServletWebServerApplicationContext - Root WebApplicationContext: initialization completed in 1231 ms
25-04-08.10:17:47.055 [main            ] INFO  Http11NioProtocol      - Starting ProtocolHandler ["http-nio-8080"]
25-04-08.10:17:47.068 [main            ] INFO  TomcatWebServer        - Tomcat started on port(s): 8080 (http) with context path ''
25-04-08.10:17:47.070 [main            ] INFO  CachingConnectionFactory - Attempting to connect to: [192.168.1.109:5672]
25-04-08.10:18:08.116 [main            ] INFO  SimpleMessageListenerContainer - Broker not available; cannot force queue declarations during start: java.net.ConnectException: Connection timed out: connect
25-04-08.10:18:08.122 [org.springframework.amqp.rabbit.RabbitListenerEndpointContainer#0-1] INFO  CachingConnectionFactory - Attempting to connect to: [192.168.1.109:5672]
25-04-08.10:18:29.175 [org.springframework.amqp.rabbit.RabbitListenerEndpointContainer#0-1] ERROR SimpleMessageListenerContainer - Failed to check/redeclare auto-delete queue(s).
org.springframework.amqp.AmqpConnectException: java.net.ConnectException: Connection timed out: connect
	at org.springframework.amqp.rabbit.support.RabbitExceptionTranslator.convertRabbitAccessException(RabbitExceptionTranslator.java:61)
	at org.springframework.amqp.rabbit.connection.AbstractConnectionFactory.createBareConnection(AbstractConnectionFactory.java:603)
	at org.springframework.amqp.rabbit.connection.CachingConnectionFactory.createConnection(CachingConnectionFactory.java:725)
	at org.springframework.amqp.rabbit.connection.ConnectionFactoryUtils.createConnection(ConnectionFactoryUtils.java:252)
	at org.springframework.amqp.rabbit.core.RabbitTemplate.doExecute(RabbitTemplate.java:2210)
	at org.springframework.amqp.rabbit.core.RabbitTemplate.execute(RabbitTemplate.java:2183)
	at org.springframework.amqp.rabbit.core.RabbitTemplate.execute(RabbitTemplate.java:2163)
	at org.springframework.amqp.rabbit.core.RabbitAdmin.getQueueInfo(RabbitAdmin.java:463)
	at org.springframework.amqp.rabbit.core.RabbitAdmin.getQueueProperties(RabbitAdmin.java:447)
	at org.springframework.amqp.rabbit.listener.AbstractMessageListenerContainer.attemptDeclarations(AbstractMessageListenerContainer.java:1942)
	at org.springframework.amqp.rabbit.listener.AbstractMessageListenerContainer.redeclareElementsIfNecessary(AbstractMessageListenerContainer.java:1915)
	at org.springframework.amqp.rabbit.listener.SimpleMessageListenerContainer$AsyncMessageProcessingConsumer.initialize(SimpleMessageListenerContainer.java:1384)
	at org.springframework.amqp.rabbit.listener.SimpleMessageListenerContainer$AsyncMessageProcessingConsumer.run(SimpleMessageListenerContainer.java:1230)
	at java.lang.Thread.run(Thread.java:748)
Caused by: java.net.ConnectException: Connection timed out: connect
	at java.net.DualStackPlainSocketImpl.waitForConnect(Native Method)
	at java.net.DualStackPlainSocketImpl.socketConnect(DualStackPlainSocketImpl.java:81)
	at java.net.AbstractPlainSocketImpl.doConnect(AbstractPlainSocketImpl.java:476)
	at java.net.AbstractPlainSocketImpl.connectToAddress(AbstractPlainSocketImpl.java:218)
	at java.net.AbstractPlainSocketImpl.connect(AbstractPlainSocketImpl.java:200)
	at java.net.PlainSocketImpl.connect(PlainSocketImpl.java:162)
	at java.net.SocksSocketImpl.connect(SocksSocketImpl.java:394)
	at java.net.Socket.connect(Socket.java:606)
	at com.rabbitmq.client.impl.SocketFrameHandlerFactory.create(SocketFrameHandlerFactory.java:60)
	at com.rabbitmq.client.ConnectionFactory.newConnection(ConnectionFactory.java:1223)
	at com.rabbitmq.client.ConnectionFactory.newConnection(ConnectionFactory.java:1173)
	at org.springframework.amqp.rabbit.connection.AbstractConnectionFactory.connectAddresses(AbstractConnectionFactory.java:641)
	at org.springframework.amqp.rabbit.connection.AbstractConnectionFactory.connect(AbstractConnectionFactory.java:616)
	at org.springframework.amqp.rabbit.connection.AbstractConnectionFactory.createBareConnection(AbstractConnectionFactory.java:566)
	... 12 common frames omitted
25-04-08.10:18:29.195 [org.springframework.amqp.rabbit.RabbitListenerEndpointContainer#0-1] INFO  CachingConnectionFactory - Attempting to connect to: [192.168.1.109:5672]
25-04-08.10:18:50.239 [main            ] INFO  Application            - Started Application in 66.069 seconds (JVM running for 66.554)
25-04-08.10:18:50.241 [org.springframework.amqp.rabbit.RabbitListenerEndpointContainer#0-2] INFO  SimpleMessageListenerContainer - Waiting for workers to finish.
25-04-08.10:18:50.241 [org.springframework.amqp.rabbit.RabbitListenerEndpointContainer#0-2] INFO  SimpleMessageListenerContainer - Successfully waited for workers to finish.
25-04-08.10:18:50.306 [SpringApplicationShutdownHook] INFO  SimpleMessageListenerContainer - Shutdown ignored - container is already stopped
25-04-08.10:18:53.278 [main            ] INFO  Application            - Starting Application using Java 1.8.0_281 on pc with PID 31740 (E:\code\Java\s-pay-mall\s-pay-mall-ddd-market-zhb\s-pay-mall-ddd-zhb-app\target\classes started by pc in E:\code\Java\s-pay-mall\s-pay-mall-ddd-market-zhb)
25-04-08.10:18:53.280 [main            ] INFO  Application            - The following 1 profile is active: "dev"
25-04-08.10:18:54.159 [main            ] INFO  TomcatWebServer        - Tomcat initialized with port(s): 8080 (http)
25-04-08.10:18:54.165 [main            ] INFO  Http11NioProtocol      - Initializing ProtocolHandler ["http-nio-8080"]
25-04-08.10:18:54.165 [main            ] INFO  StandardService        - Starting service [Tomcat]
25-04-08.10:18:54.165 [main            ] INFO  StandardEngine         - Starting Servlet engine: [Apache Tomcat/9.0.75]
25-04-08.10:18:54.270 [main            ] INFO  [/]                    - Initializing Spring embedded WebApplicationContext
25-04-08.10:18:54.270 [main            ] INFO  ServletWebServerApplicationContext - Root WebApplicationContext: initialization completed in 960 ms
25-04-08.10:18:55.211 [main            ] INFO  Http11NioProtocol      - Starting ProtocolHandler ["http-nio-8080"]
25-04-08.10:18:55.224 [main            ] INFO  TomcatWebServer        - Tomcat started on port(s): 8080 (http) with context path ''
25-04-08.10:18:55.225 [main            ] INFO  CachingConnectionFactory - Attempting to connect to: [192.168.10.88:5672]
25-04-08.10:18:55.249 [main            ] INFO  CachingConnectionFactory - Created new connection: rabbitConnectionFactory#6eede35e:0/SimpleConnection@30c7be6f [delegate=amqp://itheima@192.168.10.88:5672/, localPort= 54440]
25-04-08.10:18:55.301 [main            ] INFO  Application            - Started Application in 2.551 seconds (JVM running for 3.281)
25-04-08.10:19:00.013 [scheduling-1    ] INFO  NoPayNotifyOrderJob    - 任务；检测未接收到或未正确处理的支付回调通知
25-04-08.10:19:00.067 [scheduling-1    ] INFO  HikariDataSource       - HikariPool-1 - Starting...
25-04-08.10:19:00.471 [scheduling-1    ] INFO  HikariDataSource       - HikariPool-1 - Start completed.
25-04-08.10:19:30.010 [scheduling-1    ] INFO  NoPayNotifyOrderJob    - 任务；检测未接收到或未正确处理的支付回调通知
25-04-08.10:20:00.011 [scheduling-1    ] INFO  NoPayNotifyOrderJob    - 任务；检测未接收到或未正确处理的支付回调通知
25-04-08.10:20:30.003 [scheduling-1    ] INFO  NoPayNotifyOrderJob    - 任务；检测未接收到或未正确处理的支付回调通知
25-04-08.10:21:00.006 [scheduling-1    ] INFO  NoPayNotifyOrderJob    - 任务；检测未接收到或未正确处理的支付回调通知
25-04-08.10:21:30.009 [scheduling-1    ] INFO  NoPayNotifyOrderJob    - 任务；检测未接收到或未正确处理的支付回调通知
25-04-08.10:22:00.011 [scheduling-1    ] INFO  NoPayNotifyOrderJob    - 任务；检测未接收到或未正确处理的支付回调通知
25-04-08.10:22:30.011 [scheduling-1    ] INFO  NoPayNotifyOrderJob    - 任务；检测未接收到或未正确处理的支付回调通知
25-04-08.10:23:00.008 [scheduling-1    ] INFO  NoPayNotifyOrderJob    - 任务；检测未接收到或未正确处理的支付回调通知
25-04-08.10:23:30.010 [scheduling-1    ] INFO  NoPayNotifyOrderJob    - 任务；检测未接收到或未正确处理的支付回调通知
25-04-08.10:24:00.015 [scheduling-1    ] INFO  NoPayNotifyOrderJob    - 任务；检测未接收到或未正确处理的支付回调通知
25-04-08.10:24:30.010 [scheduling-1    ] INFO  NoPayNotifyOrderJob    - 任务；检测未接收到或未正确处理的支付回调通知
25-04-08.10:25:00.007 [scheduling-1    ] INFO  NoPayNotifyOrderJob    - 任务；检测未接收到或未正确处理的支付回调通知
25-04-08.10:25:30.014 [scheduling-1    ] INFO  NoPayNotifyOrderJob    - 任务；检测未接收到或未正确处理的支付回调通知
25-04-08.10:26:00.002 [scheduling-1    ] INFO  NoPayNotifyOrderJob    - 任务；检测未接收到或未正确处理的支付回调通知
25-04-08.10:26:30.001 [scheduling-1    ] INFO  NoPayNotifyOrderJob    - 任务；检测未接收到或未正确处理的支付回调通知
25-04-08.10:27:00.004 [scheduling-1    ] INFO  NoPayNotifyOrderJob    - 任务；检测未接收到或未正确处理的支付回调通知
25-04-08.10:27:30.011 [scheduling-1    ] INFO  NoPayNotifyOrderJob    - 任务；检测未接收到或未正确处理的支付回调通知
25-04-08.10:28:00.016 [scheduling-1    ] INFO  NoPayNotifyOrderJob    - 任务；检测未接收到或未正确处理的支付回调通知
25-04-08.10:28:30.007 [scheduling-1    ] INFO  NoPayNotifyOrderJob    - 任务；检测未接收到或未正确处理的支付回调通知
25-04-08.10:29:00.006 [scheduling-1    ] INFO  NoPayNotifyOrderJob    - 任务；检测未接收到或未正确处理的支付回调通知
25-04-08.10:29:30.011 [scheduling-1    ] INFO  NoPayNotifyOrderJob    - 任务；检测未接收到或未正确处理的支付回调通知
25-04-08.10:30:00.011 [scheduling-1    ] INFO  NoPayNotifyOrderJob    - 任务；检测未接收到或未正确处理的支付回调通知
25-04-08.10:30:00.015 [scheduling-1    ] INFO  TimeoutCloseOrderJob   - 任务；超时30分钟订单关闭
25-04-08.10:30:00.020 [scheduling-1    ] INFO  TimeoutCloseOrderJob   - 定时任务，超时30分钟订单关闭，暂无超时未支付订单 orderIds is null
25-04-08.10:30:30.015 [scheduling-1    ] INFO  NoPayNotifyOrderJob    - 任务；检测未接收到或未正确处理的支付回调通知
25-04-08.10:31:00.009 [scheduling-1    ] INFO  NoPayNotifyOrderJob    - 任务；检测未接收到或未正确处理的支付回调通知
25-04-08.10:31:30.006 [scheduling-1    ] INFO  NoPayNotifyOrderJob    - 任务；检测未接收到或未正确处理的支付回调通知
25-04-08.10:32:00.009 [scheduling-1    ] INFO  NoPayNotifyOrderJob    - 任务；检测未接收到或未正确处理的支付回调通知
25-04-08.10:32:30.008 [scheduling-1    ] INFO  NoPayNotifyOrderJob    - 任务；检测未接收到或未正确处理的支付回调通知
25-04-08.10:33:00.016 [scheduling-1    ] INFO  NoPayNotifyOrderJob    - 任务；检测未接收到或未正确处理的支付回调通知
25-04-08.10:33:30.012 [scheduling-1    ] INFO  NoPayNotifyOrderJob    - 任务；检测未接收到或未正确处理的支付回调通知
25-04-08.10:34:00.012 [scheduling-1    ] INFO  NoPayNotifyOrderJob    - 任务；检测未接收到或未正确处理的支付回调通知
25-04-08.10:34:30.011 [scheduling-1    ] INFO  NoPayNotifyOrderJob    - 任务；检测未接收到或未正确处理的支付回调通知
25-04-08.10:35:00.011 [scheduling-1    ] INFO  NoPayNotifyOrderJob    - 任务；检测未接收到或未正确处理的支付回调通知
25-04-08.10:35:30.013 [scheduling-1    ] INFO  NoPayNotifyOrderJob    - 任务；检测未接收到或未正确处理的支付回调通知
25-04-08.10:36:00.004 [scheduling-1    ] INFO  NoPayNotifyOrderJob    - 任务；检测未接收到或未正确处理的支付回调通知
25-04-08.10:36:30.008 [scheduling-1    ] INFO  NoPayNotifyOrderJob    - 任务；检测未接收到或未正确处理的支付回调通知
25-04-08.10:37:00.002 [scheduling-1    ] INFO  NoPayNotifyOrderJob    - 任务；检测未接收到或未正确处理的支付回调通知
25-04-08.10:37:20.012 [org.springframework.amqp.rabbit.RabbitListenerEndpointContainer#0-2] INFO  SimpleMessageListenerContainer - Waiting for workers to finish.
25-04-08.10:37:20.040 [org.springframework.amqp.rabbit.RabbitListenerEndpointContainer#0-2] INFO  SimpleMessageListenerContainer - Successfully waited for workers to finish.
25-04-08.10:37:20.105 [SpringApplicationShutdownHook] INFO  SimpleMessageListenerContainer - Shutdown ignored - container is already stopped
25-04-08.10:37:20.110 [SpringApplicationShutdownHook] INFO  HikariDataSource       - HikariPool-1 - Shutdown initiated...
25-04-08.10:37:20.118 [SpringApplicationShutdownHook] INFO  HikariDataSource       - HikariPool-1 - Shutdown completed.
25-04-08.11:03:05.219 [main            ] INFO  Application            - Starting Application using Java 1.8.0_281 on pc with PID 43704 (E:\code\Java\s-pay-mall\s-pay-mall-ddd-market-zhb\s-pay-mall-ddd-zhb-app\target\classes started by pc in E:\code\Java\s-pay-mall\s-pay-mall-ddd-market-zhb)
25-04-08.11:03:05.221 [main            ] INFO  Application            - The following 1 profile is active: "dev"
25-04-08.11:03:06.062 [main            ] INFO  TomcatWebServer        - Tomcat initialized with port(s): 8080 (http)
25-04-08.11:03:06.069 [main            ] INFO  Http11NioProtocol      - Initializing ProtocolHandler ["http-nio-8080"]
25-04-08.11:03:06.070 [main            ] INFO  StandardService        - Starting service [Tomcat]
25-04-08.11:03:06.070 [main            ] INFO  StandardEngine         - Starting Servlet engine: [Apache Tomcat/9.0.75]
25-04-08.11:03:06.175 [main            ] INFO  [/]                    - Initializing Spring embedded WebApplicationContext
25-04-08.11:03:06.176 [main            ] INFO  ServletWebServerApplicationContext - Root WebApplicationContext: initialization completed in 921 ms
25-04-08.11:03:07.184 [main            ] INFO  Http11NioProtocol      - Starting ProtocolHandler ["http-nio-8080"]
25-04-08.11:03:07.198 [main            ] INFO  TomcatWebServer        - Tomcat started on port(s): 8080 (http) with context path ''
25-04-08.11:03:07.200 [main            ] INFO  CachingConnectionFactory - Attempting to connect to: [192.168.10.88:5672]
25-04-08.11:03:07.220 [main            ] INFO  CachingConnectionFactory - Created new connection: rabbitConnectionFactory#15586843:0/SimpleConnection@70884875 [delegate=amqp://itheima@192.168.10.88:5672/, localPort= 58268]
25-04-08.11:03:07.273 [main            ] INFO  Application            - Started Application in 2.459 seconds (JVM running for 2.998)
25-04-08.11:03:30.005 [scheduling-1    ] INFO  NoPayNotifyOrderJob    - 任务；检测未接收到或未正确处理的支付回调通知
25-04-08.11:03:30.026 [scheduling-1    ] INFO  HikariDataSource       - HikariPool-1 - Starting...
25-04-08.11:03:30.244 [scheduling-1    ] INFO  HikariDataSource       - HikariPool-1 - Start completed.
25-04-08.11:04:00.014 [scheduling-1    ] INFO  NoPayNotifyOrderJob    - 任务；检测未接收到或未正确处理的支付回调通知
25-04-08.11:04:30.004 [scheduling-1    ] INFO  NoPayNotifyOrderJob    - 任务；检测未接收到或未正确处理的支付回调通知
25-04-08.11:05:00.009 [scheduling-1    ] INFO  NoPayNotifyOrderJob    - 任务；检测未接收到或未正确处理的支付回调通知
25-04-08.11:05:30.001 [scheduling-1    ] INFO  NoPayNotifyOrderJob    - 任务；检测未接收到或未正确处理的支付回调通知
25-04-08.11:06:00.003 [scheduling-1    ] INFO  NoPayNotifyOrderJob    - 任务；检测未接收到或未正确处理的支付回调通知
25-04-08.11:06:30.003 [scheduling-1    ] INFO  NoPayNotifyOrderJob    - 任务；检测未接收到或未正确处理的支付回调通知
25-04-08.11:07:00.012 [scheduling-1    ] INFO  NoPayNotifyOrderJob    - 任务；检测未接收到或未正确处理的支付回调通知
25-04-08.11:07:30.013 [scheduling-1    ] INFO  NoPayNotifyOrderJob    - 任务；检测未接收到或未正确处理的支付回调通知
25-04-08.11:08:00.004 [scheduling-1    ] INFO  NoPayNotifyOrderJob    - 任务；检测未接收到或未正确处理的支付回调通知
25-04-08.11:08:30.011 [scheduling-1    ] INFO  NoPayNotifyOrderJob    - 任务；检测未接收到或未正确处理的支付回调通知
25-04-08.11:09:00.004 [scheduling-1    ] INFO  NoPayNotifyOrderJob    - 任务；检测未接收到或未正确处理的支付回调通知
25-04-08.11:09:30.014 [scheduling-1    ] INFO  NoPayNotifyOrderJob    - 任务；检测未接收到或未正确处理的支付回调通知
25-04-08.11:10:00.012 [scheduling-1    ] INFO  NoPayNotifyOrderJob    - 任务；检测未接收到或未正确处理的支付回调通知
25-04-08.11:10:30.006 [scheduling-1    ] INFO  NoPayNotifyOrderJob    - 任务；检测未接收到或未正确处理的支付回调通知
25-04-08.11:11:00.011 [scheduling-1    ] INFO  NoPayNotifyOrderJob    - 任务；检测未接收到或未正确处理的支付回调通知
25-04-08.11:11:19.580 [org.springframework.amqp.rabbit.RabbitListenerEndpointContainer#0-1] INFO  TeamSuccessTopicListener - 接收消息:订单结算：ORD-20231234
25-04-08.11:11:19.612 [org.springframework.amqp.rabbit.RabbitListenerEndpointContainer#0-1] INFO  TeamSuccessTopicListener - 接收消息:订单结算：ORD-20231235
25-04-08.11:11:19.613 [org.springframework.amqp.rabbit.RabbitListenerEndpointContainer#0-1] INFO  TeamSuccessTopicListener - 接收消息:订单结算：ORD-20231236
25-04-08.11:11:19.614 [org.springframework.amqp.rabbit.RabbitListenerEndpointContainer#0-1] INFO  TeamSuccessTopicListener - 接收消息:订单结算：ORD-20231237
25-04-08.11:11:19.615 [org.springframework.amqp.rabbit.RabbitListenerEndpointContainer#0-1] INFO  TeamSuccessTopicListener - 接收消息:订单结算：ORD-20231238
25-04-08.11:11:30.004 [scheduling-1    ] INFO  NoPayNotifyOrderJob    - 任务；检测未接收到或未正确处理的支付回调通知
25-04-08.11:11:39.183 [org.springframework.amqp.rabbit.RabbitListenerEndpointContainer#0-2] INFO  SimpleMessageListenerContainer - Waiting for workers to finish.
25-04-08.11:11:40.204 [org.springframework.amqp.rabbit.RabbitListenerEndpointContainer#0-2] INFO  SimpleMessageListenerContainer - Successfully waited for workers to finish.
25-04-08.11:11:40.270 [SpringApplicationShutdownHook] INFO  SimpleMessageListenerContainer - Shutdown ignored - container is already stopped
25-04-08.11:11:40.710 [SpringApplicationShutdownHook] INFO  HikariDataSource       - HikariPool-1 - Shutdown initiated...
25-04-08.11:11:40.721 [SpringApplicationShutdownHook] INFO  HikariDataSource       - HikariPool-1 - Shutdown completed.
25-04-08.11:12:05.463 [main            ] INFO  Application            - Starting Application using Java 1.8.0_281 on pc with PID 27800 (E:\code\Java\s-pay-mall\s-pay-mall-ddd-market-zhb\s-pay-mall-ddd-zhb-app\target\classes started by pc in E:\code\Java\s-pay-mall\s-pay-mall-ddd-market-zhb)
25-04-08.11:12:05.465 [main            ] INFO  Application            - The following 1 profile is active: "dev"
25-04-08.11:12:06.358 [main            ] INFO  TomcatWebServer        - Tomcat initialized with port(s): 8080 (http)
25-04-08.11:12:06.364 [main            ] INFO  Http11NioProtocol      - Initializing ProtocolHandler ["http-nio-8080"]
25-04-08.11:12:06.365 [main            ] INFO  StandardService        - Starting service [Tomcat]
25-04-08.11:12:06.365 [main            ] INFO  StandardEngine         - Starting Servlet engine: [Apache Tomcat/9.0.75]
25-04-08.11:12:06.471 [main            ] INFO  [/]                    - Initializing Spring embedded WebApplicationContext
25-04-08.11:12:06.471 [main            ] INFO  ServletWebServerApplicationContext - Root WebApplicationContext: initialization completed in 975 ms
25-04-08.11:12:07.402 [main            ] INFO  Http11NioProtocol      - Starting ProtocolHandler ["http-nio-8080"]
25-04-08.11:12:07.413 [main            ] INFO  TomcatWebServer        - Tomcat started on port(s): 8080 (http) with context path ''
25-04-08.11:12:07.415 [main            ] INFO  CachingConnectionFactory - Attempting to connect to: [192.168.10.88:5672]
25-04-08.11:12:07.435 [main            ] INFO  CachingConnectionFactory - Created new connection: rabbitConnectionFactory#799c8758:0/SimpleConnection@b5de9ac [delegate=amqp://itheima@192.168.10.88:5672/, localPort= 59821]
25-04-08.11:12:07.839 [org.springframework.amqp.rabbit.RabbitListenerEndpointContainer#0-1] INFO  TeamSuccessTopicListener - 接收消息:订单结算：ORD-20231234
25-04-08.11:12:07.842 [org.springframework.amqp.rabbit.RabbitListenerEndpointContainer#0-1] INFO  TeamSuccessTopicListener - 接收消息:订单结算：ORD-20231235
25-04-08.11:12:07.844 [org.springframework.amqp.rabbit.RabbitListenerEndpointContainer#0-1] INFO  TeamSuccessTopicListener - 接收消息:订单结算：ORD-20231236
25-04-08.11:12:07.846 [org.springframework.amqp.rabbit.RabbitListenerEndpointContainer#0-1] INFO  TeamSuccessTopicListener - 接收消息:订单结算：ORD-20231237
25-04-08.11:12:07.847 [main            ] INFO  Application            - Started Application in 2.799 seconds (JVM running for 3.344)
25-04-08.11:12:07.847 [org.springframework.amqp.rabbit.RabbitListenerEndpointContainer#0-1] INFO  TeamSuccessTopicListener - 接收消息:订单结算：ORD-20231238
25-04-08.11:12:15.178 [org.springframework.amqp.rabbit.RabbitListenerEndpointContainer#0-2] INFO  SimpleMessageListenerContainer - Waiting for workers to finish.
