25-04-07.10:07:32.697 [main            ] INFO  OrderServiceTest       - Starting OrderServiceTest using Java 17.0.11 on pc with PID 19200 (started by pc in E:\code\Java\s-pay-mall\s-pay-mall-ddd-market-zhb\s-pay-mall-ddd-zhb-app)
25-04-07.10:07:32.698 [main            ] INFO  OrderServiceTest       - The following 1 profile is active: "dev"
25-04-07.10:07:37.032 [main            ] INFO  OrderServiceTest       - Started OrderServiceTest in 4.796 seconds (JVM running for 5.695)
25-04-07.10:07:37.691 [main            ] INFO  HikariDataSource       - HikariPool-1 - Starting...
25-04-07.10:07:37.962 [main            ] INFO  HikariDataSource       - HikariPool-1 - Start completed.
25-04-07.10:07:38.807 [main            ] INFO  ProductPort            - 营销锁单xiaofuge05 requestDTO:{"activityId":100123,"channel":"c01","goodsId":"9890001","notifyUrl":"http://127.0.0.1:8080/api/v1/alipay/group_buy_notify","outTradeNo":"756731270864","source":"s01","userId":"xiaofuge05"} responseDTO:{"code":"0000","data":{"deductionPrice":10.00,"orderId":"232063076119","originalPrice":100.00,"payPrice":90.00,"tradeOrderStatus":0},"info":"成功"}
25-04-07.10:07:38.914 [main            ] INFO  AbstractOrderService   - 创建订单-完成，生成支付单。userId: xiaofuge05 orderId: 756731270864 payUrl: <form name="punchout_form" method="post" action="https://openapi-sandbox.dl.alipaydev.com/gateway.do?charset=utf-8&method=alipay.trade.page.pay&sign=sqmFTjGvK01nJ5ioSaievzx42yMUclKEacdmFsxfVS%2FnV1bbUW9ipGG4NMDCzQMveVocB%2FgLqoSJM%2B2X4jgUzsr1NuS%2F1GyB5wr4CtWQXHqunLjUQ6G%2FkZ27CN1ZofEmjPH%2F0Z04gpUdbqGuqikh5dBss%2Bo%2Fgr4xxVDBBoLPmuMMVgiWBHFHOFIHYx1q%2FI3GRS34N7983RFe%2B3BN%2BfD1x0dKdDo9nGvTOgGZxRtDiwzg1EaeCBixPtA9JFa3mzxe4T7MiWoyM56ddNDunIsM4OpABNdyhjq3LVw1iERVbHxax%2F5bqJC3FTYR3d2mSDLVvURRq%2FaYLIwgwLBGB34r4A%3D%3D&return_url=https%3A%2F%2Fzhbblog.netlify.app%2F&notify_url=http%3A%2F%2F22ab3946.r32.cpolar.top%2Fapi%2Fv1%2Falipay%2Falipay_notify_url&version=1.0&app_id=9021000132648211&sign_type=RSA2&timestamp=2025-04-07+10%3A07%3A38&alipay_sdk=alipay-sdk-java-4.38.157.ALL&format=json">
<input type="hidden" name="biz_content" value="{&quot;out_trade_no&quot;:&quot;756731270864&quot;,&quot;total_amount&quot;:&quot;90.00&quot;,&quot;subject&quot;:&quot;测试商品&quot;,&quot;product_code&quot;:&quot;FAST_INSTANT_TRADE_PAY&quot;}">
<input type="submit" value="立即支付" style="display:none" >
</form>
<script>document.forms[0].submit();</script>
25-04-07.10:07:38.918 [main            ] INFO  OrderServiceTest       - 请求参数:{"activityId":100123,"marketTypeVO":"GROUP_BUY_MARKET","productId":"9890001","userId":"xiaofuge05"}
25-04-07.10:07:38.919 [main            ] INFO  OrderServiceTest       - 测试结果:{"orderId":"756731270864","payUrl":"<form name=\"punchout_form\" method=\"post\" action=\"https://openapi-sandbox.dl.alipaydev.com/gateway.do?charset=utf-8&method=alipay.trade.page.pay&sign=sqmFTjGvK01nJ5ioSaievzx42yMUclKEacdmFsxfVS%2FnV1bbUW9ipGG4NMDCzQMveVocB%2FgLqoSJM%2B2X4jgUzsr1NuS%2F1GyB5wr4CtWQXHqunLjUQ6G%2FkZ27CN1ZofEmjPH%2F0Z04gpUdbqGuqikh5dBss%2Bo%2Fgr4xxVDBBoLPmuMMVgiWBHFHOFIHYx1q%2FI3GRS34N7983RFe%2B3BN%2BfD1x0dKdDo9nGvTOgGZxRtDiwzg1EaeCBixPtA9JFa3mzxe4T7MiWoyM56ddNDunIsM4OpABNdyhjq3LVw1iERVbHxax%2F5bqJC3FTYR3d2mSDLVvURRq%2FaYLIwgwLBGB34r4A%3D%3D&return_url=https%3A%2F%2Fzhbblog.netlify.app%2F&notify_url=http%3A%2F%2F22ab3946.r32.cpolar.top%2Fapi%2Fv1%2Falipay%2Falipay_notify_url&version=1.0&app_id=9021000132648211&sign_type=RSA2&timestamp=2025-04-07+10%3A07%3A38&alipay_sdk=alipay-sdk-java-4.38.157.ALL&format=json\">\n<input type=\"hidden\" name=\"biz_content\" value=\"{&quot;out_trade_no&quot;:&quot;756731270864&quot;,&quot;total_amount&quot;:&quot;90.00&quot;,&quot;subject&quot;:&quot;测试商品&quot;,&quot;product_code&quot;:&quot;FAST_INSTANT_TRADE_PAY&quot;}\">\n<input type=\"submit\" value=\"立即支付\" style=\"display:none\" >\n</form>\n<script>document.forms[0].submit();</script>"}
25-04-07.10:07:38.932 [SpringApplicationShutdownHook] INFO  HikariDataSource       - HikariPool-1 - Shutdown initiated...
25-04-07.10:07:38.951 [SpringApplicationShutdownHook] INFO  HikariDataSource       - HikariPool-1 - Shutdown completed.
25-04-07.10:14:39.318 [main            ] INFO  OrderServiceTest       - Starting OrderServiceTest using Java 17.0.11 on pc with PID 29692 (started by pc in E:\code\Java\s-pay-mall\s-pay-mall-ddd-market-zhb\s-pay-mall-ddd-zhb-app)
25-04-07.10:14:39.319 [main            ] INFO  OrderServiceTest       - The following 1 profile is active: "dev"
25-04-07.10:14:43.188 [main            ] INFO  OrderServiceTest       - Started OrderServiceTest in 4.308 seconds (JVM running for 5.013)
25-04-07.10:14:43.733 [main            ] INFO  HikariDataSource       - HikariPool-1 - Starting...
25-04-07.10:14:43.915 [main            ] INFO  HikariDataSource       - HikariPool-1 - Start completed.
25-04-07.10:14:44.535 [main            ] INFO  ProductPort            - 营销锁单xiaofuge06 requestDTO:{"activityId":100123,"channel":"c01","goodsId":"9890001","notifyUrl":"http://127.0.0.1:8080/api/v1/alipay/group_buy_notify","outTradeNo":"281154385149","source":"s01","userId":"xiaofuge06"} responseDTO:{"code":"0000","data":{"deductionPrice":10.00,"orderId":"631515509707","originalPrice":100.00,"payPrice":90.00,"tradeOrderStatus":0},"info":"成功"}
25-04-07.10:14:44.563 [main            ] INFO  AbstractOrderService   - 创建订单-完成，生成支付单。userId: xiaofuge06 orderId: 281154385149 payUrl: <form name="punchout_form" method="post" action="https://openapi-sandbox.dl.alipaydev.com/gateway.do?charset=utf-8&method=alipay.trade.page.pay&sign=OS4zUoO1bvVIiZPlhE0VFg9JTzAJcSwXq3s3BgaiswIt%2BCLjmWAYmd0F7lXyqtVvbO43gWNHZesm8rZhoX8JgJrekAe%2FsdaVH11ZmgFPiKYeGxjct%2BVIGcf5PDhYrrIeMg%2FYGbpwNHmmYVaevAmBb1wT1TtweETEpHT4Cn3EXPi2V%2FKPssAJcE%2FdicFkuuSYvZ4b2DwCTxpm0PghFF%2FVYYx1Ksvb5PH7fgMwRDcJS6H%2FqQ1%2FVuq4znJmswJS3YyPCDcvotVR4rMwsq6LgF16dyb%2FTJv54sXPLDg5N7r8DkKT58v%2F3eBSUxdS4EmqU7f4elCCwkVXway9Nj2BSj6fmw%3D%3D&return_url=https%3A%2F%2Fzhbblog.netlify.app%2F&notify_url=http%3A%2F%2F22ab3946.r32.cpolar.top%2Fapi%2Fv1%2Falipay%2Falipay_notify_url&version=1.0&app_id=9021000132648211&sign_type=RSA2&timestamp=2025-04-07+10%3A14%3A44&alipay_sdk=alipay-sdk-java-4.38.157.ALL&format=json">
<input type="hidden" name="biz_content" value="{&quot;out_trade_no&quot;:&quot;281154385149&quot;,&quot;total_amount&quot;:&quot;90.00&quot;,&quot;subject&quot;:&quot;测试商品&quot;,&quot;product_code&quot;:&quot;FAST_INSTANT_TRADE_PAY&quot;}">
<input type="submit" value="立即支付" style="display:none" >
</form>
<script>document.forms[0].submit();</script>
25-04-07.10:14:44.567 [main            ] INFO  OrderServiceTest       - 请求参数:{"activityId":100123,"marketTypeVO":"GROUP_BUY_MARKET","productId":"9890001","userId":"xiaofuge06"}
25-04-07.10:14:44.570 [main            ] INFO  OrderServiceTest       - 测试结果:{"orderId":"281154385149","payUrl":"<form name=\"punchout_form\" method=\"post\" action=\"https://openapi-sandbox.dl.alipaydev.com/gateway.do?charset=utf-8&method=alipay.trade.page.pay&sign=OS4zUoO1bvVIiZPlhE0VFg9JTzAJcSwXq3s3BgaiswIt%2BCLjmWAYmd0F7lXyqtVvbO43gWNHZesm8rZhoX8JgJrekAe%2FsdaVH11ZmgFPiKYeGxjct%2BVIGcf5PDhYrrIeMg%2FYGbpwNHmmYVaevAmBb1wT1TtweETEpHT4Cn3EXPi2V%2FKPssAJcE%2FdicFkuuSYvZ4b2DwCTxpm0PghFF%2FVYYx1Ksvb5PH7fgMwRDcJS6H%2FqQ1%2FVuq4znJmswJS3YyPCDcvotVR4rMwsq6LgF16dyb%2FTJv54sXPLDg5N7r8DkKT58v%2F3eBSUxdS4EmqU7f4elCCwkVXway9Nj2BSj6fmw%3D%3D&return_url=https%3A%2F%2Fzhbblog.netlify.app%2F&notify_url=http%3A%2F%2F22ab3946.r32.cpolar.top%2Fapi%2Fv1%2Falipay%2Falipay_notify_url&version=1.0&app_id=9021000132648211&sign_type=RSA2&timestamp=2025-04-07+10%3A14%3A44&alipay_sdk=alipay-sdk-java-4.38.157.ALL&format=json\">\n<input type=\"hidden\" name=\"biz_content\" value=\"{&quot;out_trade_no&quot;:&quot;281154385149&quot;,&quot;total_amount&quot;:&quot;90.00&quot;,&quot;subject&quot;:&quot;测试商品&quot;,&quot;product_code&quot;:&quot;FAST_INSTANT_TRADE_PAY&quot;}\">\n<input type=\"submit\" value=\"立即支付\" style=\"display:none\" >\n</form>\n<script>document.forms[0].submit();</script>"}
25-04-07.10:14:44.582 [SpringApplicationShutdownHook] INFO  HikariDataSource       - HikariPool-1 - Shutdown initiated...
25-04-07.10:14:44.592 [SpringApplicationShutdownHook] INFO  HikariDataSource       - HikariPool-1 - Shutdown completed.
25-04-07.10:30:28.727 [main            ] INFO  OrderServiceTest       - Starting OrderServiceTest using Java 17.0.11 on pc with PID 30472 (started by pc in E:\code\Java\s-pay-mall\s-pay-mall-ddd-market-zhb\s-pay-mall-ddd-zhb-app)
25-04-07.10:30:28.728 [main            ] INFO  OrderServiceTest       - The following 1 profile is active: "dev"
25-04-07.10:30:32.348 [main            ] INFO  OrderServiceTest       - Started OrderServiceTest in 4.109 seconds (JVM running for 4.751)
25-04-07.10:30:32.894 [main            ] INFO  HikariDataSource       - HikariPool-1 - Starting...
25-04-07.10:30:33.097 [main            ] INFO  HikariDataSource       - HikariPool-1 - Start completed.
25-04-07.10:30:33.846 [main            ] INFO  ProductPort            - 营销锁单xiaofuge04 requestDTO:{"activityId":100123,"channel":"c01","goodsId":"9890001","notifyUrl":"http://127.0.0.1:8080/api/v1/alipay/group_buy_notify","outTradeNo":"466400460559","source":"s01","userId":"xiaofuge04"} responseDTO:{"code":"0000","data":{"deductionPrice":10.00,"orderId":"332355565629","originalPrice":100.00,"payPrice":90.00,"tradeOrderStatus":0},"info":"成功"}
25-04-07.10:30:33.892 [main            ] INFO  AbstractOrderService   - 创建订单-完成，生成支付单。userId: xiaofuge04 orderId: 466400460559 payUrl: <form name="punchout_form" method="post" action="https://openapi-sandbox.dl.alipaydev.com/gateway.do?charset=utf-8&method=alipay.trade.page.pay&sign=rPhAvDwh4C%2FiVUrtrh3CAk1gV%2F6uE3uNGQBho6f7IthAKxbo50%2B%2FW9V6PU0D1CjdDrtH4p3T6q%2BuAmeGTvqnLCJswKCq6wmSoH4PY21IcQlxR51NyHn43E0JLM0vLrgzTyV0wqzY%2BsjceocwbcZVyxWVP6UpDOOHWO7wQOdbW0%2B5rsVDqbZcLaAyEOPDsVhWupiIBe4kEhjEGnsO4iCf7rvYE85PWm%2FYpF9qNXmIz8GpjmY8blO7mdDENlMQGHFL8J0wz8cz8%2B76i4BF7hAbVuQzXi2Ni24hkWkEbntMy23OHaI7PtP35UjRYuMoTSGpK5sHEnh3aVgLIjaugfwrkQ%3D%3D&return_url=https%3A%2F%2Fzhbblog.netlify.app%2F&notify_url=http%3A%2F%2F22ab3946.r32.cpolar.top%2Fapi%2Fv1%2Falipay%2Falipay_notify_url&version=1.0&app_id=9021000132648211&sign_type=RSA2&timestamp=2025-04-07+10%3A30%3A33&alipay_sdk=alipay-sdk-java-4.38.157.ALL&format=json">
<input type="hidden" name="biz_content" value="{&quot;out_trade_no&quot;:&quot;466400460559&quot;,&quot;total_amount&quot;:&quot;90.00&quot;,&quot;subject&quot;:&quot;测试商品&quot;,&quot;product_code&quot;:&quot;FAST_INSTANT_TRADE_PAY&quot;}">
<input type="submit" value="立即支付" style="display:none" >
</form>
<script>document.forms[0].submit();</script>
25-04-07.10:30:33.895 [main            ] INFO  OrderServiceTest       - 请求参数:{"activityId":100123,"marketTypeVO":"GROUP_BUY_MARKET","productId":"9890001","userId":"xiaofuge04"}
25-04-07.10:30:33.897 [main            ] INFO  OrderServiceTest       - 测试结果:{"orderId":"466400460559","payUrl":"<form name=\"punchout_form\" method=\"post\" action=\"https://openapi-sandbox.dl.alipaydev.com/gateway.do?charset=utf-8&method=alipay.trade.page.pay&sign=rPhAvDwh4C%2FiVUrtrh3CAk1gV%2F6uE3uNGQBho6f7IthAKxbo50%2B%2FW9V6PU0D1CjdDrtH4p3T6q%2BuAmeGTvqnLCJswKCq6wmSoH4PY21IcQlxR51NyHn43E0JLM0vLrgzTyV0wqzY%2BsjceocwbcZVyxWVP6UpDOOHWO7wQOdbW0%2B5rsVDqbZcLaAyEOPDsVhWupiIBe4kEhjEGnsO4iCf7rvYE85PWm%2FYpF9qNXmIz8GpjmY8blO7mdDENlMQGHFL8J0wz8cz8%2B76i4BF7hAbVuQzXi2Ni24hkWkEbntMy23OHaI7PtP35UjRYuMoTSGpK5sHEnh3aVgLIjaugfwrkQ%3D%3D&return_url=https%3A%2F%2Fzhbblog.netlify.app%2F&notify_url=http%3A%2F%2F22ab3946.r32.cpolar.top%2Fapi%2Fv1%2Falipay%2Falipay_notify_url&version=1.0&app_id=9021000132648211&sign_type=RSA2&timestamp=2025-04-07+10%3A30%3A33&alipay_sdk=alipay-sdk-java-4.38.157.ALL&format=json\">\n<input type=\"hidden\" name=\"biz_content\" value=\"{&quot;out_trade_no&quot;:&quot;466400460559&quot;,&quot;total_amount&quot;:&quot;90.00&quot;,&quot;subject&quot;:&quot;测试商品&quot;,&quot;product_code&quot;:&quot;FAST_INSTANT_TRADE_PAY&quot;}\">\n<input type=\"submit\" value=\"立即支付\" style=\"display:none\" >\n</form>\n<script>document.forms[0].submit();</script>"}
25-04-07.10:30:33.906 [SpringApplicationShutdownHook] INFO  HikariDataSource       - HikariPool-1 - Shutdown initiated...
25-04-07.10:30:33.913 [SpringApplicationShutdownHook] INFO  HikariDataSource       - HikariPool-1 - Shutdown completed.
25-04-07.10:32:01.268 [main            ] INFO  OrderServiceTest       - Starting OrderServiceTest using Java 17.0.11 on pc with PID 45460 (started by pc in E:\code\Java\s-pay-mall\s-pay-mall-ddd-market-zhb\s-pay-mall-ddd-zhb-app)
25-04-07.10:32:01.269 [main            ] INFO  OrderServiceTest       - The following 1 profile is active: "dev"
25-04-07.10:32:04.800 [main            ] INFO  OrderServiceTest       - Started OrderServiceTest in 4.012 seconds (JVM running for 4.737)
25-04-07.10:32:05.367 [main            ] INFO  HikariDataSource       - HikariPool-1 - Starting...
25-04-07.10:32:05.550 [main            ] INFO  HikariDataSource       - HikariPool-1 - Start completed.
25-04-07.10:32:05.913 [main            ] INFO  ProductPort            - 营销锁单xiaofuge05 requestDTO:{"activityId":100123,"channel":"c01","goodsId":"9890001","notifyUrl":"http://127.0.0.1:8080/api/v1/alipay/group_buy_notify","outTradeNo":"597953493041","source":"s01","userId":"xiaofuge05"} responseDTO:{"code":"0000","data":{"deductionPrice":10.00,"orderId":"371522455580","originalPrice":100.00,"payPrice":90.00,"tradeOrderStatus":0},"info":"成功"}
25-04-07.10:32:05.957 [main            ] INFO  AbstractOrderService   - 创建订单-完成，生成支付单。userId: xiaofuge05 orderId: 597953493041 payUrl: <form name="punchout_form" method="post" action="https://openapi-sandbox.dl.alipaydev.com/gateway.do?charset=utf-8&method=alipay.trade.page.pay&sign=hp14KubTr%2F1ukq3wA%2FGeRDabt4ksCljYIHbv6Kn3%2Fz7FTyLBOGwFLrSX9HaCH2KH%2F0C1O%2FA%2FrESsKWDcLZyiSTh8asJtXqWm6WrpYkTcx%2B1nnfUTo6DZ0u8Vl9Rd%2BxyUAJykr8zQYmcA2%2BAiSBiAMmOyimGbgf7fhaBSLZQQ2RlFx7Ewsp89LA4pjNghhjC8ownEO2mt%2BD5BxI4YOTObv5u9qf1S8MCcU3%2BgccN1fdEvxLQEzBi9gmwLBhYnoV8TgJh%2Fhn%2FdSAvanlHIr1UyhPqmru%2BD0lTpIXjrVkbTMIWJ1VnckOl8ni%2BXiPTF%2BM8ivAfP7ktsQxq4phPX%2B0BC4w%3D%3D&return_url=https%3A%2F%2Fzhbblog.netlify.app%2F&notify_url=http%3A%2F%2F22ab3946.r32.cpolar.top%2Fapi%2Fv1%2Falipay%2Falipay_notify_url&version=1.0&app_id=9021000132648211&sign_type=RSA2&timestamp=2025-04-07+10%3A32%3A05&alipay_sdk=alipay-sdk-java-4.38.157.ALL&format=json">
<input type="hidden" name="biz_content" value="{&quot;out_trade_no&quot;:&quot;597953493041&quot;,&quot;total_amount&quot;:&quot;90.00&quot;,&quot;subject&quot;:&quot;测试商品&quot;,&quot;product_code&quot;:&quot;FAST_INSTANT_TRADE_PAY&quot;}">
<input type="submit" value="立即支付" style="display:none" >
</form>
<script>document.forms[0].submit();</script>
25-04-07.10:32:05.960 [main            ] INFO  OrderServiceTest       - 请求参数:{"activityId":100123,"marketTypeVO":"GROUP_BUY_MARKET","productId":"9890001","userId":"xiaofuge05"}
25-04-07.10:32:05.962 [main            ] INFO  OrderServiceTest       - 测试结果:{"orderId":"597953493041","payUrl":"<form name=\"punchout_form\" method=\"post\" action=\"https://openapi-sandbox.dl.alipaydev.com/gateway.do?charset=utf-8&method=alipay.trade.page.pay&sign=hp14KubTr%2F1ukq3wA%2FGeRDabt4ksCljYIHbv6Kn3%2Fz7FTyLBOGwFLrSX9HaCH2KH%2F0C1O%2FA%2FrESsKWDcLZyiSTh8asJtXqWm6WrpYkTcx%2B1nnfUTo6DZ0u8Vl9Rd%2BxyUAJykr8zQYmcA2%2BAiSBiAMmOyimGbgf7fhaBSLZQQ2RlFx7Ewsp89LA4pjNghhjC8ownEO2mt%2BD5BxI4YOTObv5u9qf1S8MCcU3%2BgccN1fdEvxLQEzBi9gmwLBhYnoV8TgJh%2Fhn%2FdSAvanlHIr1UyhPqmru%2BD0lTpIXjrVkbTMIWJ1VnckOl8ni%2BXiPTF%2BM8ivAfP7ktsQxq4phPX%2B0BC4w%3D%3D&return_url=https%3A%2F%2Fzhbblog.netlify.app%2F&notify_url=http%3A%2F%2F22ab3946.r32.cpolar.top%2Fapi%2Fv1%2Falipay%2Falipay_notify_url&version=1.0&app_id=9021000132648211&sign_type=RSA2&timestamp=2025-04-07+10%3A32%3A05&alipay_sdk=alipay-sdk-java-4.38.157.ALL&format=json\">\n<input type=\"hidden\" name=\"biz_content\" value=\"{&quot;out_trade_no&quot;:&quot;597953493041&quot;,&quot;total_amount&quot;:&quot;90.00&quot;,&quot;subject&quot;:&quot;测试商品&quot;,&quot;product_code&quot;:&quot;FAST_INSTANT_TRADE_PAY&quot;}\">\n<input type=\"submit\" value=\"立即支付\" style=\"display:none\" >\n</form>\n<script>document.forms[0].submit();</script>"}
25-04-07.10:32:05.971 [SpringApplicationShutdownHook] INFO  HikariDataSource       - HikariPool-1 - Shutdown initiated...
25-04-07.10:32:05.979 [SpringApplicationShutdownHook] INFO  HikariDataSource       - HikariPool-1 - Shutdown completed.
25-04-07.10:35:01.831 [main            ] INFO  OrderServiceTest       - Starting OrderServiceTest using Java 17.0.11 on pc with PID 28812 (started by pc in E:\code\Java\s-pay-mall\s-pay-mall-ddd-market-zhb\s-pay-mall-ddd-zhb-app)
25-04-07.10:35:01.833 [main            ] INFO  OrderServiceTest       - The following 1 profile is active: "dev"
25-04-07.10:35:05.113 [main            ] INFO  OrderServiceTest       - Started OrderServiceTest in 3.752 seconds (JVM running for 4.364)
25-04-07.10:35:05.618 [main            ] INFO  HikariDataSource       - HikariPool-1 - Starting...
25-04-07.10:35:05.781 [main            ] INFO  HikariDataSource       - HikariPool-1 - Start completed.
25-04-07.10:35:05.815 [main            ] INFO  AbstractOrderService   - 创建订单-存在，已存在未支付订单。userId:xiaofuge05 productId:9890001 orderId:597953493041
25-04-07.10:35:05.936 [main            ] INFO  OrderServiceTest       - 请求参数:{"activityId":100123,"marketTypeVO":"GROUP_BUY_MARKET","productId":"9890001","userId":"xiaofuge05"}
25-04-07.10:35:05.940 [main            ] INFO  OrderServiceTest       - 测试结果:{"orderId":"597953493041","payUrl":"<form name=\"punchout_form\" method=\"post\" action=\"https://openapi-sandbox.dl.alipaydev.com/gateway.do?charset=utf-8&method=alipay.trade.page.pay&sign=hp14KubTr%2F1ukq3wA%2FGeRDabt4ksCljYIHbv6Kn3%2Fz7FTyLBOGwFLrSX9HaCH2KH%2F0C1O%2FA%2FrESsKWDcLZyiSTh8asJtXqWm6WrpYkTcx%2B1nnfUTo6DZ0u8Vl9Rd%2BxyUAJykr8zQYmcA2%2BAiSBiAMmOyimGbgf7fhaBSLZQQ2RlFx7Ewsp89LA4pjNghhjC8ownEO2mt%2BD5BxI4YOTObv5u9qf1S8MCcU3%2BgccN1fdEvxLQEzBi9gmwLBhYnoV8TgJh%2Fhn%2FdSAvanlHIr1UyhPqmru%2BD0lTpIXjrVkbTMIWJ1VnckOl8ni%2BXiPTF%2BM8ivAfP7ktsQxq4phPX%2B0BC4w%3D%3D&return_url=https%3A%2F%2Fzhbblog.netlify.app%2F&notify_url=http%3A%2F%2F22ab3946.r32.cpolar.top%2Fapi%2Fv1%2Falipay%2Falipay_notify_url&version=1.0&app_id=9021000132648211&sign_type=RSA2&timestamp=2025-04-07+10%3A32%3A05&alipay_sdk=alipay-sdk-java-4.38.157.ALL&format=json\">\n<input type=\"hidden\" name=\"biz_content\" value=\"{&quot;out_trade_no&quot;:&quot;597953493041&quot;,&quot;total_amount&quot;:&quot;90.00&quot;,&quot;subject&quot;:&quot;测试商品&quot;,&quot;product_code&quot;:&quot;FAST_INSTANT_TRADE_PAY&quot;}\">\n<input type=\"submit\" value=\"立即支付\" style=\"display:none\" >\n</form>\n<script>document.forms[0].submit();</script>"}
25-04-07.10:35:05.947 [SpringApplicationShutdownHook] INFO  HikariDataSource       - HikariPool-1 - Shutdown initiated...
25-04-07.10:35:05.972 [SpringApplicationShutdownHook] INFO  HikariDataSource       - HikariPool-1 - Shutdown completed.
25-04-07.10:51:08.377 [main            ] INFO  OrderServiceTest       - Starting OrderServiceTest using Java 17.0.11 on pc with PID 11644 (started by pc in E:\code\Java\s-pay-mall\s-pay-mall-ddd-market-zhb\s-pay-mall-ddd-zhb-app)
25-04-07.10:51:08.378 [main            ] INFO  OrderServiceTest       - The following 1 profile is active: "dev"
25-04-07.10:51:11.643 [main            ] INFO  OrderServiceTest       - Started OrderServiceTest in 3.698 seconds (JVM running for 4.356)
25-04-07.10:51:12.142 [main            ] INFO  HikariDataSource       - HikariPool-1 - Starting...
25-04-07.10:51:12.349 [main            ] INFO  HikariDataSource       - HikariPool-1 - Start completed.
25-04-07.10:51:12.663 [main            ] INFO  ProductPort            - 营销锁单xiaofuge05 requestDTO:{"activityId":100123,"channel":"c01","goodsId":"9890001","notifyUrl":"http://127.0.0.1:8080/api/v1/alipay/group_buy_notify","outTradeNo":"429872955003","source":"s01","userId":"xiaofuge05"} responseDTO:{"code":"0000","data":{"deductionPrice":10.00,"orderId":"297485463905","originalPrice":100.00,"payPrice":90.00,"tradeOrderStatus":0},"info":"成功"}
25-04-07.10:51:12.741 [main            ] INFO  AbstractOrderService   - 创建订单-完成，生成支付单。userId: xiaofuge05 orderId: 429872955003 payUrl: <form name="punchout_form" method="post" action="https://openapi-sandbox.dl.alipaydev.com/gateway.do?charset=utf-8&method=alipay.trade.page.pay&sign=em6AawO6bd%2BAEAb0DkU%2BG4PZSW7nBqqrA%2BtJqrN%2BTx%2BT3kVhodwTulcXzJTHEARw%2BIrbmBeJyRlKTl6qo%2B%2FRrCnG2gajryYiqGF5spmcxNhS%2F5JD2sIsv4nb0PH6Dw9Xn6ajSPLvr0rKD%2B6Ethes1Q76Yejal8W%2FepXgPS6gUP%2F7rcCFNuesfEDa%2BgjvlRObbXLxfBFFOG20dn58g5ABPbKj97V04zEAIT1isYhCLT%2FCPQLNQ1McFokSW6DzZ1na9gQGEF6tN%2BrTZa9oE1Ilcwyo6zYlPtBVGiXH7WYNT727yymDZY2x0pIevatNbVumyc3FBHyMa8k7mBI2dG3sVw%3D%3D&return_url=https%3A%2F%2Fzhbblog.netlify.app%2F&notify_url=http%3A%2F%2F22ab3946.r32.cpolar.top%2Fapi%2Fv1%2Falipay%2Falipay_notify_url&version=1.0&app_id=9021000132648211&sign_type=RSA2&timestamp=2025-04-07+10%3A51%3A12&alipay_sdk=alipay-sdk-java-4.38.157.ALL&format=json">
<input type="hidden" name="biz_content" value="{&quot;out_trade_no&quot;:&quot;429872955003&quot;,&quot;total_amount&quot;:&quot;90.00&quot;,&quot;subject&quot;:&quot;测试商品&quot;,&quot;product_code&quot;:&quot;FAST_INSTANT_TRADE_PAY&quot;}">
<input type="submit" value="立即支付" style="display:none" >
</form>
<script>document.forms[0].submit();</script>
25-04-07.10:51:12.745 [main            ] INFO  OrderServiceTest       - 请求参数:{"activityId":100123,"marketTypeVO":"GROUP_BUY_MARKET","productId":"9890001","userId":"xiaofuge05"}
25-04-07.10:51:12.747 [main            ] INFO  OrderServiceTest       - 测试结果:{"orderId":"429872955003","payUrl":"<form name=\"punchout_form\" method=\"post\" action=\"https://openapi-sandbox.dl.alipaydev.com/gateway.do?charset=utf-8&method=alipay.trade.page.pay&sign=em6AawO6bd%2BAEAb0DkU%2BG4PZSW7nBqqrA%2BtJqrN%2BTx%2BT3kVhodwTulcXzJTHEARw%2BIrbmBeJyRlKTl6qo%2B%2FRrCnG2gajryYiqGF5spmcxNhS%2F5JD2sIsv4nb0PH6Dw9Xn6ajSPLvr0rKD%2B6Ethes1Q76Yejal8W%2FepXgPS6gUP%2F7rcCFNuesfEDa%2BgjvlRObbXLxfBFFOG20dn58g5ABPbKj97V04zEAIT1isYhCLT%2FCPQLNQ1McFokSW6DzZ1na9gQGEF6tN%2BrTZa9oE1Ilcwyo6zYlPtBVGiXH7WYNT727yymDZY2x0pIevatNbVumyc3FBHyMa8k7mBI2dG3sVw%3D%3D&return_url=https%3A%2F%2Fzhbblog.netlify.app%2F&notify_url=http%3A%2F%2F22ab3946.r32.cpolar.top%2Fapi%2Fv1%2Falipay%2Falipay_notify_url&version=1.0&app_id=9021000132648211&sign_type=RSA2&timestamp=2025-04-07+10%3A51%3A12&alipay_sdk=alipay-sdk-java-4.38.157.ALL&format=json\">\n<input type=\"hidden\" name=\"biz_content\" value=\"{&quot;out_trade_no&quot;:&quot;429872955003&quot;,&quot;total_amount&quot;:&quot;90.00&quot;,&quot;subject&quot;:&quot;测试商品&quot;,&quot;product_code&quot;:&quot;FAST_INSTANT_TRADE_PAY&quot;}\">\n<input type=\"submit\" value=\"立即支付\" style=\"display:none\" >\n</form>\n<script>document.forms[0].submit();</script>"}
25-04-07.10:51:12.759 [SpringApplicationShutdownHook] INFO  HikariDataSource       - HikariPool-1 - Shutdown initiated...
25-04-07.10:51:12.768 [SpringApplicationShutdownHook] INFO  HikariDataSource       - HikariPool-1 - Shutdown completed.
25-04-07.11:12:14.891 [main            ] INFO  OrderServiceTest       - Starting OrderServiceTest using Java 17.0.11 on pc with PID 29940 (started by pc in E:\code\Java\s-pay-mall\s-pay-mall-ddd-market-zhb\s-pay-mall-ddd-zhb-app)
25-04-07.11:12:14.892 [main            ] INFO  OrderServiceTest       - The following 1 profile is active: "dev"
25-04-07.11:12:18.975 [main            ] INFO  OrderServiceTest       - Started OrderServiceTest in 4.536 seconds (JVM running for 5.235)
25-04-07.11:12:33.321 [scheduling-1    ] INFO  NoPayNotifyOrderJob    - 任务；检测未接收到或未正确处理的支付回调通知
25-04-07.11:12:37.965 [main            ] INFO  HikariDataSource       - HikariPool-1 - Starting...
25-04-07.11:12:38.630 [main            ] INFO  HikariDataSource       - HikariPool-1 - Start completed.
25-04-07.11:13:06.336 [scheduling-1    ] INFO  NoPayNotifyOrderJob    - 任务；检测未接收到或未正确处理的支付回调通知
25-04-07.11:13:30.404 [scheduling-1    ] INFO  NoPayNotifyOrderJob    - 任务；检测未接收到或未正确处理的支付回调通知
25-04-07.11:14:03.528 [scheduling-1    ] INFO  NoPayNotifyOrderJob    - 任务；检测未接收到或未正确处理的支付回调通知
25-04-07.11:18:11.083 [HikariPool-1 housekeeper] WARN  HikariPool             - HikariPool-1 - Thread starvation or clock leap detected (housekeeper delta=3m49s698ms969µs).
25-04-07.11:18:11.083 [scheduling-1    ] INFO  NoPayNotifyOrderJob    - 任务；检测未接收到或未正确处理的支付回调通知
25-04-07.11:18:25.512 [main            ] INFO  ProductPort            - 营销锁单xiaofuge06 requestDTO:{"activityId":100123,"channel":"c01","goodsId":"9890001","notifyUrl":"http://127.0.0.1:8080/api/v1/alipay/group_buy_notify","outTradeNo":"503089245154","source":"s01","userId":"xiaofuge06"} responseDTO:{"code":"0000","data":{"deductionPrice":10.00,"orderId":"751652032670","originalPrice":100.00,"payPrice":90.00,"tradeOrderStatus":0},"info":"成功"}
25-04-07.11:18:31.527 [scheduling-1    ] INFO  NoPayNotifyOrderJob    - 任务；检测未接收到或未正确处理的支付回调通知
25-04-07.11:19:04.069 [scheduling-1    ] INFO  NoPayNotifyOrderJob    - 任务；检测未接收到或未正确处理的支付回调通知
25-04-07.11:19:10.720 [main            ] INFO  AbstractOrderService   - 创建订单-完成，生成支付单。userId: xiaofuge06 orderId: 503089245154 payUrl: <form name="punchout_form" method="post" action="https://openapi-sandbox.dl.alipaydev.com/gateway.do?charset=utf-8&method=alipay.trade.page.pay&sign=U7FCSmER7CZ9UJLV4tU7XDRqLFaEIRVpvl2FmmCx0u1uDUXVb68qaphQCVwYezVoEmp5RLnylJjD7mw8DkYkiZSWzW86%2F5GJnL7aoxofGTqgL7lik9t3yhJLP09LnMn3ZC50IVY1trpIQrJORvXc0VlmcgHLEErCXgDpcaKEupdY3FLiGSiYlmLVcNVFqP%2BK951DFjb%2FW9xbx9igbPcUdG9qRo5Gq3XsOuzSeLdwSB23j5ViIi%2FyqUEGeziWXV1sPgLvbjhvAmdgUFSNv6WirZw6NGxl988Hg54ZAz%2BmGNH5wwuZpJxMezgnSqeTssxEwypPs0t359DjvczUmzengQ%3D%3D&return_url=https%3A%2F%2Fzhbblog.netlify.app%2F&notify_url=http%3A%2F%2F22ab3946.r32.cpolar.top%2Fapi%2Fv1%2Falipay%2Falipay_notify_url&version=1.0&app_id=9021000132648211&sign_type=RSA2&timestamp=2025-04-07+11%3A19%3A08&alipay_sdk=alipay-sdk-java-4.38.157.ALL&format=json">
<input type="hidden" name="biz_content" value="{&quot;out_trade_no&quot;:&quot;503089245154&quot;,&quot;total_amount&quot;:&quot;90.00&quot;,&quot;subject&quot;:&quot;测试商品&quot;,&quot;product_code&quot;:&quot;FAST_INSTANT_TRADE_PAY&quot;}">
<input type="submit" value="立即支付" style="display:none" >
</form>
<script>document.forms[0].submit();</script>
25-04-07.11:19:17.851 [main            ] INFO  OrderServiceTest       - 请求参数:{"activityId":100123,"marketTypeVO":"GROUP_BUY_MARKET","productId":"9890001","userId":"xiaofuge06"}
25-04-07.11:19:18.448 [main            ] INFO  OrderServiceTest       - 测试结果:{"orderId":"503089245154","payUrl":"<form name=\"punchout_form\" method=\"post\" action=\"https://openapi-sandbox.dl.alipaydev.com/gateway.do?charset=utf-8&method=alipay.trade.page.pay&sign=U7FCSmER7CZ9UJLV4tU7XDRqLFaEIRVpvl2FmmCx0u1uDUXVb68qaphQCVwYezVoEmp5RLnylJjD7mw8DkYkiZSWzW86%2F5GJnL7aoxofGTqgL7lik9t3yhJLP09LnMn3ZC50IVY1trpIQrJORvXc0VlmcgHLEErCXgDpcaKEupdY3FLiGSiYlmLVcNVFqP%2BK951DFjb%2FW9xbx9igbPcUdG9qRo5Gq3XsOuzSeLdwSB23j5ViIi%2FyqUEGeziWXV1sPgLvbjhvAmdgUFSNv6WirZw6NGxl988Hg54ZAz%2BmGNH5wwuZpJxMezgnSqeTssxEwypPs0t359DjvczUmzengQ%3D%3D&return_url=https%3A%2F%2Fzhbblog.netlify.app%2F&notify_url=http%3A%2F%2F22ab3946.r32.cpolar.top%2Fapi%2Fv1%2Falipay%2Falipay_notify_url&version=1.0&app_id=9021000132648211&sign_type=RSA2&timestamp=2025-04-07+11%3A19%3A08&alipay_sdk=alipay-sdk-java-4.38.157.ALL&format=json\">\n<input type=\"hidden\" name=\"biz_content\" value=\"{&quot;out_trade_no&quot;:&quot;503089245154&quot;,&quot;total_amount&quot;:&quot;90.00&quot;,&quot;subject&quot;:&quot;测试商品&quot;,&quot;product_code&quot;:&quot;FAST_INSTANT_TRADE_PAY&quot;}\">\n<input type=\"submit\" value=\"立即支付\" style=\"display:none\" >\n</form>\n<script>document.forms[0].submit();</script>"}
25-04-07.11:19:23.944 [SpringApplicationShutdownHook] INFO  HikariDataSource       - HikariPool-1 - Shutdown initiated...
25-04-07.11:19:23.953 [SpringApplicationShutdownHook] INFO  HikariDataSource       - HikariPool-1 - Shutdown completed.
25-04-07.11:33:01.569 [main            ] INFO  OrderServiceTest       - Starting OrderServiceTest using Java 17.0.11 on pc with PID 10656 (started by pc in E:\code\Java\s-pay-mall\s-pay-mall-ddd-market-zhb\s-pay-mall-ddd-zhb-app)
25-04-07.11:33:01.569 [main            ] INFO  OrderServiceTest       - The following 1 profile is active: "dev"
25-04-07.11:33:05.901 [main            ] INFO  OrderServiceTest       - Started OrderServiceTest in 4.835 seconds (JVM running for 5.565)
25-04-07.11:33:31.425 [scheduling-1    ] INFO  NoPayNotifyOrderJob    - 任务；检测未接收到或未正确处理的支付回调通知
25-04-07.11:33:31.443 [scheduling-1    ] INFO  HikariDataSource       - HikariPool-1 - Starting...
25-04-07.11:33:31.650 [scheduling-1    ] INFO  HikariDataSource       - HikariPool-1 - Start completed.
25-04-07.11:34:03.782 [scheduling-1    ] INFO  NoPayNotifyOrderJob    - 任务；检测未接收到或未正确处理的支付回调通知
25-04-07.11:34:57.254 [HikariPool-1 housekeeper] WARN  HikariPool             - HikariPool-1 - Thread starvation or clock leap detected (housekeeper delta=53s471ms853µs700ns).
25-04-07.11:34:57.254 [scheduling-1    ] INFO  NoPayNotifyOrderJob    - 任务；检测未接收到或未正确处理的支付回调通知
25-04-07.11:36:59.222 [HikariPool-1 housekeeper] WARN  HikariPool             - HikariPool-1 - Thread starvation or clock leap detected (housekeeper delta=2m1s968ms148µs100ns).
25-04-07.11:36:59.222 [scheduling-1    ] INFO  NoPayNotifyOrderJob    - 任务；检测未接收到或未正确处理的支付回调通知
25-04-07.11:36:59.227 [main            ] ERROR ProductPort            - 营销锁单失败xiaofuge06
java.net.SocketTimeoutException: timeout
	at okio.SocketAsyncTimeout.newTimeoutException(JvmOkio.kt:143)
	at okio.AsyncTimeout.access$newTimeoutException(AsyncTimeout.kt:162)
	at okio.AsyncTimeout$source$1.read(AsyncTimeout.kt:335)
	at okio.RealBufferedSource.indexOf(RealBufferedSource.kt:427)
	at okio.RealBufferedSource.readUtf8LineStrict(RealBufferedSource.kt:320)
	at okhttp3.internal.http1.HeadersReader.readLine(HeadersReader.kt:29)
	at okhttp3.internal.http1.Http1ExchangeCodec.readResponseHeaders(Http1ExchangeCodec.kt:178)
	at okhttp3.internal.connection.Exchange.readResponseHeaders(Exchange.kt:106)
	at okhttp3.internal.http.CallServerInterceptor.intercept(CallServerInterceptor.kt:79)
	at okhttp3.internal.http.RealInterceptorChain.proceed(RealInterceptorChain.kt:109)
	at okhttp3.internal.connection.ConnectInterceptor.intercept(ConnectInterceptor.kt:34)
	at okhttp3.internal.http.RealInterceptorChain.proceed(RealInterceptorChain.kt:109)
	at okhttp3.internal.cache.CacheInterceptor.intercept(CacheInterceptor.kt:95)
	at okhttp3.internal.http.RealInterceptorChain.proceed(RealInterceptorChain.kt:109)
	at okhttp3.internal.http.BridgeInterceptor.intercept(BridgeInterceptor.kt:83)
	at okhttp3.internal.http.RealInterceptorChain.proceed(RealInterceptorChain.kt:109)
	at okhttp3.internal.http.RetryAndFollowUpInterceptor.intercept(RetryAndFollowUpInterceptor.kt:76)
	at okhttp3.internal.http.RealInterceptorChain.proceed(RealInterceptorChain.kt:109)
	at okhttp3.internal.connection.RealCall.getResponseWithInterceptorChain$okhttp(RealCall.kt:201)
	at okhttp3.internal.connection.RealCall.execute(RealCall.kt:154)
	at retrofit2.OkHttpCall.execute(OkHttpCall.java:204)
	at com.hb.infrastructure.adapter.port.ProductPort.lockMarketPayOrder(ProductPort.java:70)
	at com.hb.domain.order.service.OrderService.lockMarketPayOrder(OrderService.java:31)
	at com.hb.domain.order.service.AbstractOrderService.createOrder(AbstractOrderService.java:87)
	at com.hb.test.domain.OrderServiceTest.test_createOrder(OrderServiceTest.java:34)
	at java.base/jdk.internal.reflect.NativeMethodAccessorImpl.invoke0(Native Method)
	at java.base/jdk.internal.reflect.NativeMethodAccessorImpl.invoke(NativeMethodAccessorImpl.java:77)
	at java.base/jdk.internal.reflect.DelegatingMethodAccessorImpl.invoke(DelegatingMethodAccessorImpl.java:43)
	at java.base/java.lang.reflect.Method.invoke(Method.java:568)
	at org.junit.runners.model.FrameworkMethod$1.runReflectiveCall(FrameworkMethod.java:59)
	at org.junit.internal.runners.model.ReflectiveCallable.run(ReflectiveCallable.java:12)
	at org.junit.runners.model.FrameworkMethod.invokeExplosively(FrameworkMethod.java:56)
	at org.junit.internal.runners.statements.InvokeMethod.evaluate(InvokeMethod.java:17)
	at org.springframework.test.context.junit4.statements.RunBeforeTestExecutionCallbacks.evaluate(RunBeforeTestExecutionCallbacks.java:74)
	at org.springframework.test.context.junit4.statements.RunAfterTestExecutionCallbacks.evaluate(RunAfterTestExecutionCallbacks.java:84)
	at org.springframework.test.context.junit4.statements.RunBeforeTestMethodCallbacks.evaluate(RunBeforeTestMethodCallbacks.java:75)
	at org.springframework.test.context.junit4.statements.RunAfterTestMethodCallbacks.evaluate(RunAfterTestMethodCallbacks.java:86)
	at org.springframework.test.context.junit4.statements.SpringRepeat.evaluate(SpringRepeat.java:84)
	at org.junit.runners.ParentRunner.runLeaf(ParentRunner.java:366)
	at org.springframework.test.context.junit4.SpringJUnit4ClassRunner.runChild(SpringJUnit4ClassRunner.java:251)
	at org.springframework.test.context.junit4.SpringJUnit4ClassRunner.runChild(SpringJUnit4ClassRunner.java:97)
	at org.junit.runners.ParentRunner$4.run(ParentRunner.java:331)
	at org.junit.runners.ParentRunner$1.schedule(ParentRunner.java:79)
	at org.junit.runners.ParentRunner.runChildren(ParentRunner.java:329)
	at org.junit.runners.ParentRunner.access$100(ParentRunner.java:66)
	at org.junit.runners.ParentRunner$2.evaluate(ParentRunner.java:293)
	at org.springframework.test.context.junit4.statements.RunBeforeTestClassCallbacks.evaluate(RunBeforeTestClassCallbacks.java:61)
	at org.springframework.test.context.junit4.statements.RunAfterTestClassCallbacks.evaluate(RunAfterTestClassCallbacks.java:70)
	at org.junit.runners.ParentRunner$3.evaluate(ParentRunner.java:306)
	at org.junit.runners.ParentRunner.run(ParentRunner.java:413)
	at org.springframework.test.context.junit4.SpringJUnit4ClassRunner.run(SpringJUnit4ClassRunner.java:190)
	at org.junit.runner.JUnitCore.run(JUnitCore.java:137)
	at com.intellij.junit4.JUnit4IdeaTestRunner.startRunnerWithArgs(JUnit4IdeaTestRunner.java:69)
	at com.intellij.rt.junit.IdeaTestRunner$Repeater$1.execute(IdeaTestRunner.java:38)
	at com.intellij.rt.execution.junit.TestsRepeater.repeat(TestsRepeater.java:11)
	at com.intellij.rt.junit.IdeaTestRunner$Repeater.startRunnerWithArgs(IdeaTestRunner.java:35)
	at com.intellij.rt.junit.JUnitStarter.prepareStreamsAndStart(JUnitStarter.java:232)
	at com.intellij.rt.junit.JUnitStarter.main(JUnitStarter.java:55)
Caused by: java.net.SocketException: Socket closed
	at java.base/sun.nio.ch.NioSocketImpl.endRead(NioSocketImpl.java:253)
	at java.base/sun.nio.ch.NioSocketImpl.implRead(NioSocketImpl.java:332)
	at java.base/sun.nio.ch.NioSocketImpl.read(NioSocketImpl.java:355)
	at java.base/sun.nio.ch.NioSocketImpl$1.read(NioSocketImpl.java:808)
	at java.base/java.net.Socket$SocketInputStream.read(Socket.java:966)
	at okio.InputStreamSource.read(JvmOkio.kt:90)
	at okio.AsyncTimeout$source$1.read(AsyncTimeout.kt:129)
	... 55 common frames omitted
25-04-07.11:37:00.073 [scheduling-1    ] INFO  NoPayNotifyOrderJob    - 任务；检测未接收到或未正确处理的支付回调通知
25-04-07.11:37:13.890 [main            ] INFO  AbstractOrderService   - 创建订单-完成，生成支付单。userId: xiaofuge06 orderId: 435729244732 payUrl: <form name="punchout_form" method="post" action="https://openapi-sandbox.dl.alipaydev.com/gateway.do?charset=utf-8&method=alipay.trade.page.pay&sign=ka%2BF52H9Mq2O4fvNb9FLv3MJfVYkY0nN0nBRzX%2FrcYFdaZB8b1e20IPHl4UvtWX%2FxOLnp492Kd7WRLitjyGBvaIaLCz7TNQYA48eu42ptsNNsX2TkPmCsWpQJpeevhMdpCtT9QpUgPWbWnTnGgPEpU9kazbvOV%2BVSPEv%2BrziLrvZ9DCoQxJwbmnz5vrNVYU35w3YRl89RSm2DlG0vM587m5nUBhbRTrpDug%2BPlFmX%2BATNRspai3UaDZQUmHdF5pbtawLhGKOiK7HSEF6WUuJlCcUfjsdQqjaTRQQZjtJt3IWMszn5GD%2Foz%2B66pHhOJIZvbyGTfHhshD7JvN1Q4Z7PQ%3D%3D&return_url=https%3A%2F%2Fzhbblog.netlify.app%2F&notify_url=http%3A%2F%2F22ab3946.r32.cpolar.top%2Fapi%2Fv1%2Falipay%2Falipay_notify_url&version=1.0&app_id=9021000132648211&sign_type=RSA2&timestamp=2025-04-07+11%3A37%3A13&alipay_sdk=alipay-sdk-java-4.38.157.ALL&format=json">
<input type="hidden" name="biz_content" value="{&quot;out_trade_no&quot;:&quot;435729244732&quot;,&quot;total_amount&quot;:&quot;1.68&quot;,&quot;subject&quot;:&quot;测试商品&quot;,&quot;product_code&quot;:&quot;FAST_INSTANT_TRADE_PAY&quot;}">
<input type="submit" value="立即支付" style="display:none" >
</form>
<script>document.forms[0].submit();</script>
25-04-07.11:37:17.620 [main            ] INFO  OrderServiceTest       - 请求参数:{"activityId":100123,"marketTypeVO":"GROUP_BUY_MARKET","productId":"9890001","userId":"xiaofuge06"}
25-04-07.11:37:17.630 [main            ] INFO  OrderServiceTest       - 测试结果:{"orderId":"435729244732","payUrl":"<form name=\"punchout_form\" method=\"post\" action=\"https://openapi-sandbox.dl.alipaydev.com/gateway.do?charset=utf-8&method=alipay.trade.page.pay&sign=ka%2BF52H9Mq2O4fvNb9FLv3MJfVYkY0nN0nBRzX%2FrcYFdaZB8b1e20IPHl4UvtWX%2FxOLnp492Kd7WRLitjyGBvaIaLCz7TNQYA48eu42ptsNNsX2TkPmCsWpQJpeevhMdpCtT9QpUgPWbWnTnGgPEpU9kazbvOV%2BVSPEv%2BrziLrvZ9DCoQxJwbmnz5vrNVYU35w3YRl89RSm2DlG0vM587m5nUBhbRTrpDug%2BPlFmX%2BATNRspai3UaDZQUmHdF5pbtawLhGKOiK7HSEF6WUuJlCcUfjsdQqjaTRQQZjtJt3IWMszn5GD%2Foz%2B66pHhOJIZvbyGTfHhshD7JvN1Q4Z7PQ%3D%3D&return_url=https%3A%2F%2Fzhbblog.netlify.app%2F&notify_url=http%3A%2F%2F22ab3946.r32.cpolar.top%2Fapi%2Fv1%2Falipay%2Falipay_notify_url&version=1.0&app_id=9021000132648211&sign_type=RSA2&timestamp=2025-04-07+11%3A37%3A13&alipay_sdk=alipay-sdk-java-4.38.157.ALL&format=json\">\n<input type=\"hidden\" name=\"biz_content\" value=\"{&quot;out_trade_no&quot;:&quot;435729244732&quot;,&quot;total_amount&quot;:&quot;1.68&quot;,&quot;subject&quot;:&quot;测试商品&quot;,&quot;product_code&quot;:&quot;FAST_INSTANT_TRADE_PAY&quot;}\">\n<input type=\"submit\" value=\"立即支付\" style=\"display:none\" >\n</form>\n<script>document.forms[0].submit();</script>"}
25-04-07.11:37:17.639 [SpringApplicationShutdownHook] INFO  HikariDataSource       - HikariPool-1 - Shutdown initiated...
25-04-07.11:37:17.647 [SpringApplicationShutdownHook] INFO  HikariDataSource       - HikariPool-1 - Shutdown completed.
25-04-07.16:20:30.968 [main            ] INFO  OrderServiceTest       - Starting OrderServiceTest using Java 17.0.11 on pc with PID 42876 (started by pc in E:\code\Java\s-pay-mall\s-pay-mall-ddd-market-zhb\s-pay-mall-ddd-zhb-app)
25-04-07.16:20:30.970 [main            ] INFO  OrderServiceTest       - The following 1 profile is active: "dev"
25-04-07.16:20:35.205 [main            ] INFO  OrderServiceTest       - Started OrderServiceTest in 4.66 seconds (JVM running for 6.587)
25-04-07.16:20:36.024 [main            ] INFO  HikariDataSource       - HikariPool-1 - Starting...
25-04-07.16:20:36.335 [main            ] INFO  HikariDataSource       - HikariPool-1 - Start completed.
25-04-07.16:20:39.241 [main            ] INFO  ProductPort            - 营销锁单xiaofuge06 requestDTO:{"activityId":100123,"channel":"c01","goodsId":"9890001","notifyUrl":"http://127.0.0.1:8080/api/v1/alipay/group_buy_notify","outTradeNo":"190638707651","source":"s01","userId":"xiaofuge06"} responseDTO:{"code":"0000","data":{"deductionPrice":10.00,"orderId":"229991664761","originalPrice":100.00,"payPrice":90.00,"tradeOrderStatus":0},"info":"成功"}
25-04-07.16:20:39.397 [main            ] INFO  AbstractOrderService   - 创建订单-完成，生成支付单。userId: xiaofuge06 orderId: 190638707651 payUrl: <form name="punchout_form" method="post" action="https://openapi-sandbox.dl.alipaydev.com/gateway.do?charset=utf-8&method=alipay.trade.page.pay&sign=wcsY24Z1Pb%2BR%2Bt3t%2BrdjeeP1oLbPkFIN8JRbnNeh5b2amPFy1OVbvnZ4hf%2BDDhWqgDQwysm%2BXttwNKrcDw8ZcvKHGF5f7%2Fa6G2b4ClPUlDxfWPxPYwdmMMUqQFeoSi%2FUbFAmUVDcn%2BUed9MTPRV5N9Y6jzHk%2FTPPN8les2%2FmNzVsqiaI6eA7d%2BsI%2BVy%2BlbkoNtnteluK%2F4xbDmUankNHAcO4qRsBe7xtj1A4b4opvk5JFu5nMuSpTL2XW7EFnqTAJcr%2B9M5em8AnlwWf4SjFzFQeuknw6kvKNWXx1WCBZjRIgnmm79UH0GOFvksKhX9vgUX7NihuTM5PCR6aSpweDA%3D%3D&return_url=https%3A%2F%2Fzhbblog.netlify.app%2F&notify_url=http%3A%2F%2F22ab3946.r32.cpolar.top%2Fapi%2Fv1%2Falipay%2Falipay_notify_url&version=1.0&app_id=9021000132648211&sign_type=RSA2&timestamp=2025-04-07+16%3A20%3A39&alipay_sdk=alipay-sdk-java-4.38.157.ALL&format=json">
<input type="hidden" name="biz_content" value="{&quot;out_trade_no&quot;:&quot;190638707651&quot;,&quot;total_amount&quot;:&quot;90.00&quot;,&quot;subject&quot;:&quot;测试商品&quot;,&quot;product_code&quot;:&quot;FAST_INSTANT_TRADE_PAY&quot;}">
<input type="submit" value="立即支付" style="display:none" >
</form>
<script>document.forms[0].submit();</script>
25-04-07.16:20:39.403 [main            ] INFO  OrderServiceTest       - 请求参数:{"activityId":100123,"marketTypeVO":"GROUP_BUY_MARKET","productId":"9890001","userId":"xiaofuge06"}
25-04-07.16:20:39.404 [main            ] INFO  OrderServiceTest       - 测试结果:{"orderId":"190638707651","payUrl":"<form name=\"punchout_form\" method=\"post\" action=\"https://openapi-sandbox.dl.alipaydev.com/gateway.do?charset=utf-8&method=alipay.trade.page.pay&sign=wcsY24Z1Pb%2BR%2Bt3t%2BrdjeeP1oLbPkFIN8JRbnNeh5b2amPFy1OVbvnZ4hf%2BDDhWqgDQwysm%2BXttwNKrcDw8ZcvKHGF5f7%2Fa6G2b4ClPUlDxfWPxPYwdmMMUqQFeoSi%2FUbFAmUVDcn%2BUed9MTPRV5N9Y6jzHk%2FTPPN8les2%2FmNzVsqiaI6eA7d%2BsI%2BVy%2BlbkoNtnteluK%2F4xbDmUankNHAcO4qRsBe7xtj1A4b4opvk5JFu5nMuSpTL2XW7EFnqTAJcr%2B9M5em8AnlwWf4SjFzFQeuknw6kvKNWXx1WCBZjRIgnmm79UH0GOFvksKhX9vgUX7NihuTM5PCR6aSpweDA%3D%3D&return_url=https%3A%2F%2Fzhbblog.netlify.app%2F&notify_url=http%3A%2F%2F22ab3946.r32.cpolar.top%2Fapi%2Fv1%2Falipay%2Falipay_notify_url&version=1.0&app_id=9021000132648211&sign_type=RSA2&timestamp=2025-04-07+16%3A20%3A39&alipay_sdk=alipay-sdk-java-4.38.157.ALL&format=json\">\n<input type=\"hidden\" name=\"biz_content\" value=\"{&quot;out_trade_no&quot;:&quot;190638707651&quot;,&quot;total_amount&quot;:&quot;90.00&quot;,&quot;subject&quot;:&quot;测试商品&quot;,&quot;product_code&quot;:&quot;FAST_INSTANT_TRADE_PAY&quot;}\">\n<input type=\"submit\" value=\"立即支付\" style=\"display:none\" >\n</form>\n<script>document.forms[0].submit();</script>"}
25-04-07.16:20:39.435 [SpringApplicationShutdownHook] INFO  HikariDataSource       - HikariPool-1 - Shutdown initiated...
25-04-07.16:20:39.464 [SpringApplicationShutdownHook] INFO  HikariDataSource       - HikariPool-1 - Shutdown completed.
25-04-07.16:26:17.363 [main            ] INFO  OrderServiceTest       - Starting OrderServiceTest using Java 17.0.11 on pc with PID 10300 (started by pc in E:\code\Java\s-pay-mall\s-pay-mall-ddd-market-zhb\s-pay-mall-ddd-zhb-app)
25-04-07.16:26:17.363 [main            ] INFO  OrderServiceTest       - The following 1 profile is active: "dev"
25-04-07.16:26:21.203 [main            ] INFO  OrderServiceTest       - Started OrderServiceTest in 4.269 seconds (JVM running for 5.081)
25-04-07.16:26:21.866 [main            ] INFO  HikariDataSource       - HikariPool-1 - Starting...
25-04-07.16:26:22.155 [main            ] INFO  HikariDataSource       - HikariPool-1 - Start completed.
25-04-07.16:26:22.855 [main            ] INFO  ProductPort            - 营销锁单xiaofuge06 requestDTO:{"activityId":100123,"channel":"c01","goodsId":"9890001","notifyUrl":"http://127.0.0.1:8080/api/v1/alipay/group_buy_notify","outTradeNo":"823676240744","source":"s01","userId":"xiaofuge06"} responseDTO:{"code":"0000","data":{"deductionPrice":10.00,"orderId":"115797865170","originalPrice":100.00,"payPrice":90.00,"tradeOrderStatus":0},"info":"成功"}
25-04-07.16:26:22.995 [main            ] INFO  AbstractOrderService   - 创建订单-完成，生成支付单。userId: xiaofuge06 orderId: 823676240744 payUrl: <form name="punchout_form" method="post" action="https://openapi-sandbox.dl.alipaydev.com/gateway.do?charset=utf-8&method=alipay.trade.page.pay&sign=ExLotyhLXGJstKU6xApBWO58kUg2nBTeLZzRgbjuyDXypKOTfEhMvirxHyxwQBQrA%2BlcICKeX3kL2T3160RKmop4ikDwkuydY7wWcqh3IKXo03Disz9CL8P794hTsmqQqART3Yr3KmrWmxTRldRmzkoRzVALGwuA9Lnvo9y6v0Ews%2FmT1H9eb5Szg%2FPjOiOsSDH75fx52WLdMP2AQgIlrdoPVje0l5mNhJQiVBNKsHJAXSC4lM1HTHyi5ER%2Fr57EmWmYg2EnqTiXJX1septXqQamK6zT3OR7U2zCPRIA6SSRgmi%2BAqD3UF4vgAEpnJuYFV0Z%2BGQD2uNknQb7vMatRQ%3D%3D&return_url=https%3A%2F%2Fzhbblog.netlify.app%2F&notify_url=http%3A%2F%2F22ab3946.r32.cpolar.top%2Fapi%2Fv1%2Falipay%2Falipay_notify_url&version=1.0&app_id=9021000132648211&sign_type=RSA2&timestamp=2025-04-07+16%3A26%3A22&alipay_sdk=alipay-sdk-java-4.38.157.ALL&format=json">
<input type="hidden" name="biz_content" value="{&quot;out_trade_no&quot;:&quot;823676240744&quot;,&quot;total_amount&quot;:&quot;90.00&quot;,&quot;subject&quot;:&quot;测试商品&quot;,&quot;product_code&quot;:&quot;FAST_INSTANT_TRADE_PAY&quot;}">
<input type="submit" value="立即支付" style="display:none" >
</form>
<script>document.forms[0].submit();</script>
25-04-07.16:26:22.999 [main            ] INFO  OrderServiceTest       - 请求参数:{"activityId":100123,"marketTypeVO":"GROUP_BUY_MARKET","productId":"9890001","userId":"xiaofuge06"}
25-04-07.16:26:23.001 [main            ] INFO  OrderServiceTest       - 测试结果:{"orderId":"823676240744","payUrl":"<form name=\"punchout_form\" method=\"post\" action=\"https://openapi-sandbox.dl.alipaydev.com/gateway.do?charset=utf-8&method=alipay.trade.page.pay&sign=ExLotyhLXGJstKU6xApBWO58kUg2nBTeLZzRgbjuyDXypKOTfEhMvirxHyxwQBQrA%2BlcICKeX3kL2T3160RKmop4ikDwkuydY7wWcqh3IKXo03Disz9CL8P794hTsmqQqART3Yr3KmrWmxTRldRmzkoRzVALGwuA9Lnvo9y6v0Ews%2FmT1H9eb5Szg%2FPjOiOsSDH75fx52WLdMP2AQgIlrdoPVje0l5mNhJQiVBNKsHJAXSC4lM1HTHyi5ER%2Fr57EmWmYg2EnqTiXJX1septXqQamK6zT3OR7U2zCPRIA6SSRgmi%2BAqD3UF4vgAEpnJuYFV0Z%2BGQD2uNknQb7vMatRQ%3D%3D&return_url=https%3A%2F%2Fzhbblog.netlify.app%2F&notify_url=http%3A%2F%2F22ab3946.r32.cpolar.top%2Fapi%2Fv1%2Falipay%2Falipay_notify_url&version=1.0&app_id=9021000132648211&sign_type=RSA2&timestamp=2025-04-07+16%3A26%3A22&alipay_sdk=alipay-sdk-java-4.38.157.ALL&format=json\">\n<input type=\"hidden\" name=\"biz_content\" value=\"{&quot;out_trade_no&quot;:&quot;823676240744&quot;,&quot;total_amount&quot;:&quot;90.00&quot;,&quot;subject&quot;:&quot;测试商品&quot;,&quot;product_code&quot;:&quot;FAST_INSTANT_TRADE_PAY&quot;}\">\n<input type=\"submit\" value=\"立即支付\" style=\"display:none\" >\n</form>\n<script>document.forms[0].submit();</script>"}
25-04-07.16:26:23.019 [SpringApplicationShutdownHook] INFO  HikariDataSource       - HikariPool-1 - Shutdown initiated...
25-04-07.16:26:23.051 [SpringApplicationShutdownHook] INFO  HikariDataSource       - HikariPool-1 - Shutdown completed.
